# Logfile created on Thu Jan 22 16:38:07 +0100 2009 by /
Starting /Users/jon/NetBeansProjects/fire_grabber/spec/support/dvgrab -showstatus -noavc -f dv1 /path/to/file 2>&1
Starting capture thread
Starting /Users/jon/NetBeansProjects/fire_grabber/spec/support/dvgrab -showstatus -noavc -f dv1 /path/to/file 2>&1
Starting capture thread
Starting /Users/jon/NetBeansProjects/fire_grabber/spec/support/dvgrab -showstatus -noavc -f dv1 /path/to/file 2>&1
Starting capture thread
Starting /Users/jon/NetBeansProjects/fire_grabber/spec/support/dvgrab -showstatus -noavc -f dv1 /path/to/file 2>&1
Starting capture thread
Killing dvgrab proccess 7779
Dvgrab proccses terminated
Stopping capture thread
Starting /Users/jon/NetBeansProjects/fire_grabber/spec/support/dvgrab -showstatus -noavc -f dv1 /path/to/file 2>&1
Starting capture thread
Starting /Users/jon/NetBeansProjects/fire_grabber/spec/support/dvgrab -showstatus -noavc -f dv1 /path/to/file 2>&1
Starting capture thread
Starting /Users/jon/NetBeansProjects/fire_grabber/spec/support/dvgrab -showstatus -noavc -f dv1 /path/to/file 2>&1
Starting capture thread
Starting /Users/jon/NetBeansProjects/fire_grabber/spec/support/dvgrab -showstatus -noavc -f dv1 /path/to/file 2>&1
Starting capture thread
Killing dvgrab proccess 7823
Found AV/C device with GUID 0x006037004e545301
Capture Started
"/path/to/file.avi":     0.00 MiB     0 frames timecode 00:00:00.00 date 2009-01-22 16:38:21
Found AV/C device with GUID 0x006037004e545301
Capture Started
"/path/to/file.avi":     0.00 MiB     0 frames timecode 00:00:00.00 date 2009-01-22 16:38:21
Dvgrab proccses terminated
Found AV/C device with GUID 0x006037004e545301
Capture Started
"/path/to/file.avi":     0.00 MiB     0 frames timecode 00:00:00.00 date 2009-01-22 16:38:21
Stopping capture thread
Starting /Users/jon/NetBeansProjects/fire_grabber/spec/support/dvgrab -showstatus -noavc -f dv1 /path/to/file 2>&1
Starting capture thread
Starting /Users/jon/NetBeansProjects/fire_grabber/spec/support/dvgrab -showstatus -noavc -f dv1 /path/to/file 2>&1
Starting capture thread
Starting /Users/jon/NetBeansProjects/fire_grabber/spec/support/dvgrab -showstatus -noavc -f dv1 /path/to/file 2>&1
Starting capture thread
Starting /Users/jon/NetBeansProjects/fire_grabber/spec/support/dvgrab -showstatus -noavc -f dv1 /path/to/file 2>&1
Starting capture thread
Killing dvgrab proccess 7896
Found AV/C device with GUID 0x006037004e545301
Capture Started
"/path/to/file.avi":     0.00 MiB     0 frames timecode 00:00:00.00 date 2009-01-22 16:39:48
Found AV/C device with GUID 0x006037004e545301
Capture Started
"/path/to/file.avi":     0.00 MiB     0 frames timecode 00:00:00.00 date 2009-01-22 16:39:48
Found AV/C device with GUID 0x006037004e545301
Capture Started
"/path/to/file.avi":     0.00 MiB     0 frames timecode 00:00:00.00 date 2009-01-22 16:39:48
Dvgrab proccses terminated
"/path/to/file.avi":     1.00 MiB    25 frames timecode 00:00:01.00 date 2009-01-22 16:39:48
Stopping capture thread
"/path/to/file.avi":     1.00 MiB    25 frames timecode 00:00:01.00 date 2009-01-22 16:39:48
Starting /Users/jon/NetBeansProjects/fire_grabber/spec/support/dvgrab -showstatus -noavc -f dv1 /path/to/file 2>&1
Starting capture thread
Starting /Users/jon/NetBeansProjects/fire_grabber/spec/support/dvgrab -showstatus -noavc -f dv1 /path/to/file 2>&1
Starting capture thread
Starting /Users/jon/NetBeansProjects/fire_grabber/spec/support/dvgrab -showstatus -noavc -f dv1 /path/to/file 2>&1
Starting capture thread
Starting /Users/jon/NetBeansProjects/fire_grabber/spec/support/dvgrab -showstatus -noavc -f dv1 /path/to/file 2>&1
Starting capture thread
Killing dvgrab proccess 7949
Found AV/C device with GUID 0x006037004e545301
Capture Started
"/path/to/file.avi":     0.00 MiB     0 frames timecode 00:00:00.00 date 2009-01-22 16:41:22
"/path/to/file.avi":     1.00 MiB    25 frames timecode 00:00:01.00 date 2009-01-22 16:41:22
Dvgrab proccses terminated
Found AV/C device with GUID 0x006037004e545301
Capture Started
"/path/to/file.avi":     0.00 MiB     0 frames timecode 00:00:00.00 date 2009-01-22 16:41:22
Found AV/C device with GUID 0x006037004e545301
Capture Started
"/path/to/file.avi":     0.00 MiB     0 frames timecode 00:00:00.00 date 2009-01-22 16:41:22
Stopping capture thread
Starting /Users/jon/NetBeansProjects/fire_grabber/spec/support/dvgrab -showstatus -noavc -f dv1 /path/to/file 2>&1
Starting capture thread
Starting /Users/jon/NetBeansProjects/fire_grabber/spec/support/dvgrab -showstatus -noavc -f dv1 /path/to/file 2>&1
Starting capture thread
Starting /Users/jon/NetBeansProjects/fire_grabber/spec/support/dvgrab -showstatus -noavc -f dv1 /path/to/file 2>&1
Starting capture thread
Starting /Users/jon/NetBeansProjects/fire_grabber/spec/support/dvgrab -showstatus -noavc -f dv1 /path/to/file 2>&1
Starting capture thread
Found AV/C device with GUID 0x006037004e545301
Killing dvgrab proccess 7991
Found AV/C device with GUID 0x006037004e545301
Capture Started
Capture Started
"/path/to/file.avi":     0.00 MiB     0 frames timecode 00:00:00.00 date 2009-01-22 16:41:36
"/path/to/file.avi":     0.00 MiB     0 frames timecode 00:00:00.00 date 2009-01-22 16:41:36
Found AV/C device with GUID 0x006037004e545301
Capture Started
"/path/to/file.avi":     0.00 MiB     0 frames timecode 00:00:00.00 date 2009-01-22 16:41:36
Dvgrab proccses terminated
Stopping capture thread
Starting /Users/jon/NetBeansProjects/fire_grabber/spec/support/dvgrab -showstatus -noavc -f dv1 /path/to/file 2>&1
Starting capture thread
Starting /Users/jon/NetBeansProjects/fire_grabber/spec/support/dvgrab -showstatus -noavc -f dv1 /path/to/file 2>&1
Starting capture thread
Starting /Users/jon/NetBeansProjects/fire_grabber/spec/support/dvgrab -showstatus -noavc -f dv1 /path/to/file 2>&1
Starting capture thread
Starting /Users/jon/NetBeansProjects/fire_grabber/spec/support/dvgrab -showstatus -noavc -f dv1 /path/to/file 2>&1
Starting capture thread
Killing dvgrab proccess 8055
Found AV/C device with GUID 0x006037004e545301
Capture Started
"/path/to/file.avi":     0.00 MiB     0 frames timecode 00:00:00.00 date 2009-01-22 16:42:23
Found AV/C device with GUID 0x006037004e545301
Capture Started
"/path/to/file.avi":     0.00 MiB     0 frames timecode 00:00:00.00 date 2009-01-22 16:42:23
Dvgrab proccses terminated
Found AV/C device with GUID 0x006037004e545301
Capture Started
"/path/to/file.avi":     0.00 MiB     0 frames timecode 00:00:00.00 date 2009-01-22 16:42:23
"/path/to/file.avi":     1.00 MiB    25 frames timecode 00:00:01.00 date 2009-01-22 16:42:23
Stopping capture thread
Starting /Users/jon/NetBeansProjects/fire_grabber/spec/support/dvgrab -showstatus -noavc -f dv1 /path/to/file 2>&1
Starting capture thread
Starting /Users/jon/NetBeansProjects/fire_grabber/spec/support/dvgrab -showstatus -noavc -f dv1 /path/to/file 2>&1
Starting capture thread
Starting /Users/jon/NetBeansProjects/fire_grabber/spec/support/dvgrab -showstatus -noavc -f dv1 /path/to/file 2>&1
Starting capture thread
Starting /Users/jon/NetBeansProjects/fire_grabber/spec/support/dvgrab -showstatus -noavc -f dv1 /path/to/file 2>&1
Starting capture thread
Killing dvgrab proccess 8096
Found AV/C device with GUID 0x006037004e545301
Capture Started
"/path/to/file.avi":     0.00 MiB     0 frames timecode 00:00:00.00 date 2009-01-22 16:43:02
Found AV/C device with GUID 0x006037004e545301
Capture Started
"/path/to/file.avi":     0.00 MiB     0 frames timecode 00:00:00.00 date 2009-01-22 16:43:02
Dvgrab proccses terminated
Found AV/C device with GUID 0x006037004e545301
Capture Started
"/path/to/file.avi":     0.00 MiB     0 frames timecode 00:00:00.00 date 2009-01-22 16:43:02
"/path/to/file.avi":     1.00 MiB    25 frames timecode 00:00:01.00 date 2009-01-22 16:43:02
Stopping capture thread
"/path/to/file.avi":     1.00 MiB    25 frames timecode 00:00:01.00 date 2009-01-22 16:43:02
Starting /Users/jon/NetBeansProjects/fire_grabber/spec/support/dvgrab -showstatus -noavc -f dv1 /path/to/file 2>&1
Starting capture thread
Starting /Users/jon/NetBeansProjects/fire_grabber/spec/support/dvgrab -showstatus -noavc -f dv1 /path/to/file 2>&1
Starting capture thread
Starting /Users/jon/NetBeansProjects/fire_grabber/spec/support/dvgrab -showstatus -noavc -f dv1 /path/to/file 2>&1
Starting capture thread
Starting /Users/jon/NetBeansProjects/fire_grabber/spec/support/dvgrab -showstatus -noavc -f dv1 /path/to/file 2>&1
Starting capture thread
Killing dvgrab proccess 8142
Found AV/C device with GUID 0x006037004e545301
Capture Started
"/path/to/file.avi":     0.00 MiB     0 frames timecode 00:00:00.00 date 2009-01-22 16:43:25
Found AV/C device with GUID 0x006037004e545301
Capture Started
"/path/to/file.avi":     0.00 MiB     0 frames timecode 00:00:00.00 date 2009-01-22 16:43:25
Found AV/C device with GUID 0x006037004e545301
Capture Started
"/path/to/file.avi":     0.00 MiB     0 frames timecode 00:00:00.00 date 2009-01-22 16:43:25
Dvgrab proccses terminated
"/path/to/file.avi":     1.00 MiB    25 frames timecode 00:00:01.00 date 2009-01-22 16:43:25
Stopping capture thread
